# JRE version: OpenJDK Runtime Environment (8.0_242-b01) (build 1.8.0_242-release-1644-b01)
# Java VM: OpenJDK 64-Bit Server VM (25.242-b01 mixed mode windows-amd64 compressed oops)
Heap:
 PSYoungGen      total 95232K, used 38459K [0x00000000d5580000, 0x00000000de000000, 0x0000000100000000)
  eden space 85504K, 33% used [0x00000000d5580000,0x00000000d71903a0,0x00000000da900000)
  from space 9728K, 99% used [0x00000000da900000,0x00000000db27ec08,0x00000000db280000)
  to   space 12800K, 0% used [0x00000000dd380000,0x00000000dd380000,0x00000000de000000)
 ParOldGen       total 60416K, used 22773K [0x0000000080000000, 0x0000000083b00000, 0x00000000d5580000)
  object space 60416K, 37% used [0x0000000080000000,0x000000008163d710,0x0000000083b00000)
 Metaspace       used 53829K, capacity 56026K, committed 56192K, reserved 1097728K
  class space    used 7054K, capacity 7507K, committed 7552K, reserved 1048576K
GC Heap History (10 events):
Event: 18.496 GC heap before
{Heap before GC invocations=13 (full 2):
 PSYoungGen      total 53760K, used 1989K [0x00000000d5580000, 0x00000000daa80000, 0x0000000100000000)
  eden space 44032K, 0% used [0x00000000d5580000,0x00000000d5580000,0x00000000d8080000)
  from space 9728K, 20% used [0x00000000d8080000,0x00000000d82715c8,0x00000000d8a00000)
  to   space 9728K, 0% used [0x00000000da100000,0x00000000da100000,0x00000000daa80000)
 ParOldGen       total 45056K, used 14269K [0x0000000080000000, 0x0000000082c00000, 0x00000000d5580000)
  object space 45056K, 31% used [0x0000000080000000,0x0000000080def420,0x0000000082c00000)
 Metaspace       used 34162K, capacity 35356K, committed 35416K, reserved 1079296K
  class space    used 4573K, capacity 4862K, committed 4864K, reserved 1048576K
Event: 18.572 GC heap after
Heap after GC invocations=13 (full 2):
 PSYoungGen      total 53760K, used 0K [0x00000000d5580000, 0x00000000daa80000, 0x0000000100000000)
  eden space 44032K, 0% used [0x00000000d5580000,0x00000000d5580000,0x00000000d8080000)
  from space 9728K, 0% used [0x00000000d8080000,0x00000000d8080000,0x00000000d8a00000)
  to   space 9728K, 0% used [0x00000000da100000,0x00000000da100000,0x00000000daa80000)
 ParOldGen       total 60416K, used 14198K [0x0000000080000000, 0x0000000083b00000, 0x00000000d5580000)
  object space 60416K, 23% used [0x0000000080000000,0x0000000080dddb10,0x0000000083b00000)
 Metaspace       used 34162K, capacity 35356K, committed 35416K, reserved 1079296K
  class space    used 4573K, capacity 4862K, committed 4864K, reserved 1048576K
}
Event: 19.563 GC heap before
{Heap before GC invocations=14 (full 2):
 PSYoungGen      total 53760K, used 44032K [0x00000000d5580000, 0x00000000daa80000, 0x0000000100000000)
  eden space 44032K, 100% used [0x00000000d5580000,0x00000000d8080000,0x00000000d8080000)
  from space 9728K, 0% used [0x00000000d8080000,0x00000000d8080000,0x00000000d8a00000)
  to   space 9728K, 0% used [0x00000000da100000,0x00000000da100000,0x00000000daa80000)
 ParOldGen       total 60416K, used 14198K [0x0000000080000000, 0x0000000083b00000, 0x00000000d5580000)
  object space 60416K, 23% used [0x0000000080000000,0x0000000080dddb10,0x0000000083b00000)
 Metaspace       used 36023K, capacity 37398K, committed 37504K, reserved 1081344K
  class space    used 4905K, capacity 5194K, committed 5248K, reserved 1048576K
Event: 19.572 GC heap after
Heap after GC invocations=14 (full 2):
 PSYoungGen      total 68096K, used 3825K [0x00000000d5580000, 0x00000000da600000, 0x0000000100000000)
  eden space 62976K, 0% used [0x00000000d5580000,0x00000000d5580000,0x00000000d9300000)
  from space 5120K, 74% used [0x00000000da100000,0x00000000da4bc5a0,0x00000000da600000)
  to   space 9728K, 0% used [0x00000000d9300000,0x00000000d9300000,0x00000000d9c80000)
 ParOldGen       total 60416K, used 14198K [0x0000000080000000, 0x0000000083b00000, 0x00000000d5580000)
  object space 60416K, 23% used [0x0000000080000000,0x0000000080dddb10,0x0000000083b00000)
 Metaspace       used 36023K, capacity 37398K, committed 37504K, reserved 1081344K
  class space    used 4905K, capacity 5194K, committed 5248K, reserved 1048576K
}
Event: 23.418 GC heap before
{Heap before GC invocations=15 (full 2):
 PSYoungGen      total 68096K, used 66801K [0x00000000d5580000, 0x00000000da600000, 0x0000000100000000)
  eden space 62976K, 100% used [0x00000000d5580000,0x00000000d9300000,0x00000000d9300000)
  from space 5120K, 74% used [0x00000000da100000,0x00000000da4bc5a0,0x00000000da600000)
  to   space 9728K, 0% used [0x00000000d9300000,0x00000000d9300000,0x00000000d9c80000)
 ParOldGen       total 60416K, used 14198K [0x0000000080000000, 0x0000000083b00000, 0x00000000d5580000)
  object space 60416K, 23% used [0x0000000080000000,0x0000000080dddb10,0x0000000083b00000)
 Metaspace       used 37917K, capacity 39526K, committed 39808K, reserved 1083392K
  class space    used 5118K, capacity 5418K, committed 5504K, reserved 1048576K
Event: 23.428 GC heap after
Heap after GC invocations=15 (full 2):
 PSYoungGen      total 72704K, used 4060K [0x00000000d5580000, 0x00000000dbe00000, 0x0000000100000000)
  eden space 62976K, 0% used [0x00000000d5580000,0x00000000d5580000,0x00000000d9300000)
  from space 9728K, 41% used [0x00000000d9300000,0x00000000d96f7130,0x00000000d9c80000)
  to   space 9728K, 0% used [0x00000000db480000,0x00000000db480000,0x00000000dbe00000)
 ParOldGen       total 60416K, used 16246K [0x0000000080000000, 0x0000000083b00000, 0x00000000d5580000)
  object space 60416K, 26% used [0x0000000080000000,0x0000000080fddb30,0x0000000083b00000)
 Metaspace       used 37917K, capacity 39526K, committed 39808K, reserved 1083392K
  class space    used 5118K, capacity 5418K, committed 5504K, reserved 1048576K
}
Event: 26.710 GC heap before
{Heap before GC invocations=16 (full 2):
 PSYoungGen      total 72704K, used 67036K [0x00000000d5580000, 0x00000000dbe00000, 0x0000000100000000)
  eden space 62976K, 100% used [0x00000000d5580000,0x00000000d9300000,0x00000000d9300000)
  from space 9728K, 41% used [0x00000000d9300000,0x00000000d96f7130,0x00000000d9c80000)
  to   space 9728K, 0% used [0x00000000db480000,0x00000000db480000,0x00000000dbe00000)
 ParOldGen       total 60416K, used 16246K [0x0000000080000000, 0x0000000083b00000, 0x00000000d5580000)
  object space 60416K, 26% used [0x0000000080000000,0x0000000080fddb30,0x0000000083b00000)
 Metaspace       used 45218K, capacity 47140K, committed 47360K, reserved 1089536K
  class space    used 6028K, capacity 6396K, committed 6400K, reserved 1048576K
Event: 26.723 GC heap after
Heap after GC invocations=16 (full 2):
 PSYoungGen      total 93184K, used 7457K [0x00000000d5580000, 0x00000000dbc00000, 0x0000000100000000)
  eden space 85504K, 0% used [0x00000000d5580000,0x00000000d5580000,0x00000000da900000)
  from space 7680K, 97% used [0x00000000db480000,0x00000000dbbc8738,0x00000000dbc00000)
  to   space 9728K, 0% used [0x00000000da900000,0x00000000da900000,0x00000000db280000)
 ParOldGen       total 60416K, used 18764K [0x0000000080000000, 0x0000000083b00000, 0x00000000d5580000)
  object space 60416K, 31% used [0x0000000080000000,0x00000000812533f0,0x0000000083b00000)
 Metaspace       used 45218K, capacity 47140K, committed 47360K, reserved 1089536K
  class space    used 6028K, capacity 6396K, committed 6400K, reserved 1048576K
}
Event: 30.208 GC heap before
{Heap before GC invocations=17 (full 2):
 PSYoungGen      total 93184K, used 92961K [0x00000000d5580000, 0x00000000dbc00000, 0x0000000100000000)
  eden space 85504K, 100% used [0x00000000d5580000,0x00000000da900000,0x00000000da900000)
  from space 7680K, 97% used [0x00000000db480000,0x00000000dbbc8738,0x00000000dbc00000)
  to   space 9728K, 0% used [0x00000000da900000,0x00000000da900000,0x00000000db280000)
 ParOldGen       total 60416K, used 18764K [0x0000000080000000, 0x0000000083b00000, 0x00000000d5580000)
  object space 60416K, 31% used [0x0000000080000000,0x00000000812533f0,0x0000000083b00000)
 Metaspace       used 53377K, capacity 55432K, committed 55552K, reserved 1097728K
  class space    used 7006K, capacity 7398K, committed 7424K, reserved 1048576K
Event: 30.255 GC heap after
Heap after GC invocations=17 (full 2):
 PSYoungGen      total 95232K, used 9723K [0x00000000d5580000, 0x00000000de000000, 0x0000000100000000)
  eden space 85504K, 0% used [0x00000000d5580000,0x00000000d5580000,0x00000000da900000)
  from space 9728K, 99% used [0x00000000da900000,0x00000000db27ec08,0x00000000db280000)
  to   space 12800K, 0% used [0x00000000dd380000,0x00000000dd380000,0x00000000de000000)
 ParOldGen       total 60416K, used 22773K [0x0000000080000000, 0x0000000083b00000, 0x00000000d5580000)
  object space 60416K, 37% used [0x0000000080000000,0x000000008163d710,0x0000000083b00000)
 Metaspace       used 53377K, capacity 55432K, committed 55552K, reserved 1097728K
  class space    used 7006K, capacity 7398K, committed 7424K, reserved 1048576K
}

